<?xml version="1.0" encoding="UTF-8"?>
<!-- Generated by org.testng.reporters.JUnitReportReporter -->
<testsuite hostname="SWLLAP089" failures="0" tests="1" name="testpackage.TestClass" time="181.887" errors="0" timestamp="2022-10-18T22:40:27 IST" skipped="0">
  <testcase classname="testpackage.TestClass" name="m1" time="181.887"/>
  <system-out/>
</testsuite> <!-- testpackage.TestClass -->
