<?xml version="1.0" encoding="UTF-8"?>
<!-- Generated by org.testng.reporters.JUnitReportReporter -->
<testsuite skipped="0" hostname="SWLLAP089" name="testpackage.TestClass" tests="1" failures="0" timestamp="2022-10-31T12:00:19 IST" time="237.252" errors="0">
  <testcase name="m1" time="237.252" classname="testpackage.TestClass"/>
  <system-out/>
</testsuite> <!-- testpackage.TestClass -->
